2015/11/06 10:38:22 [error] [exception.CDbException] exception 'CDbException' with message 'CDbConnection failed to open the DB connection: SQLSTATE[08006] [7] FATAL:  la autentificaci?n password fall? para el usuario <<postgresql>>
FATAL:  la autentificaci?n password fall? para el usuario <<postgresql>>' in /var/www/yii/framework/db/CDbConnection.php:399
Stack trace:
#0 /var/www/yii/framework/db/CDbConnection.php(347): CDbConnection->open()
#1 /var/www/yii/framework/db/CDbConnection.php(325): CDbConnection->setActive(true)
#2 /var/www/yii/framework/base/CModule.php(394): CDbConnection->init()
#3 /var/www/yii/framework/base/CModule.php(103): CModule->getComponent('db')
#4 /var/www/yii/framework/gii/generators/crud/CrudCode.php(44): CModule->__get('db')
#5 /var/www/yii/framework/web/CFormModel.php(39): CrudCode->init()
#6 /var/www/yii/framework/gii/CCodeGenerator.php(153): CFormModel->__construct()
#7 /var/www/yii/framework/gii/CCodeGenerator.php(63): CCodeGenerator->prepare()
#8 /var/www/yii/framework/web/actions/CInlineAction.php(49): CCodeGenerator->actionIndex()
#9 /var/www/yii/framework/web/CController.php(308): CInlineAction->runWithParams(Array)
#10 /var/www/yii/framework/web/CController.php(286): CController->runAction(Object(CInlineAction))
#11 /var/www/yii/framework/web/CController.php(265): CController->runActionWithFilters(Object(CInlineAction), Array)
#12 /var/www/yii/framework/web/CWebApplication.php(282): CController->run('index')
#13 /var/www/yii/framework/web/CWebApplication.php(141): CWebApplication->runController('gii/crud/index')
#14 /var/www/yii/framework/base/CApplication.php(184): CWebApplication->processRequest()
#15 /var/www/sistema_yii/index.php(13): CApplication->run()
#16 {main}
REQUEST_URI=/sistema_yii/index.php?r=gii/crud/index
HTTP_REFERER=http://localhost/sistema_yii/index.php?r=gii
---
2015/11/06 10:45:51 [error] [exception.CHttpException.404] exception 'CHttpException' with message 'El sistema no ha podido encontrar la acción "Persona" solicitada.' in /var/www/yii/framework/web/CController.php:483
Stack trace:
#0 /var/www/yii/framework/web/CController.php(270): CController->missingAction('Persona')
#1 /var/www/yii/framework/web/CWebApplication.php(282): CController->run('Persona')
#2 /var/www/yii/framework/web/CWebApplication.php(141): CWebApplication->runController('site/Persona')
#3 /var/www/yii/framework/base/CApplication.php(184): CWebApplication->processRequest()
#4 /var/www/sistema_yii/index.php(13): CApplication->run()
#5 {main}
REQUEST_URI=/sistema_yii/index.php?r=site/Persona
HTTP_REFERER=http://localhost/sistema_yii/index.php
---
2015/11/06 10:46:13 [error] [exception.CHttpException.404] exception 'CHttpException' with message 'El sistema no ha podido encontrar la acción "Persona" solicitada.' in /var/www/yii/framework/web/CController.php:483
Stack trace:
#0 /var/www/yii/framework/web/CController.php(270): CController->missingAction('Persona')
#1 /var/www/yii/framework/web/CWebApplication.php(282): CController->run('Persona')
#2 /var/www/yii/framework/web/CWebApplication.php(141): CWebApplication->runController('site/Persona')
#3 /var/www/yii/framework/base/CApplication.php(184): CWebApplication->processRequest()
#4 /var/www/sistema_yii/index.php(13): CApplication->run()
#5 {main}
REQUEST_URI=/sistema_yii/index.php?r=site/Persona
HTTP_REFERER=http://localhost/sistema_yii/index.php?r=site/Persona
---
2015/11/06 10:46:13 [error] [exception.CHttpException.404] exception 'CHttpException' with message 'El sistema no ha podido encontrar la acción "Persona" solicitada.' in /var/www/yii/framework/web/CController.php:483
Stack trace:
#0 /var/www/yii/framework/web/CController.php(270): CController->missingAction('Persona')
#1 /var/www/yii/framework/web/CWebApplication.php(282): CController->run('Persona')
#2 /var/www/yii/framework/web/CWebApplication.php(141): CWebApplication->runController('site/Persona')
#3 /var/www/yii/framework/base/CApplication.php(184): CWebApplication->processRequest()
#4 /var/www/sistema_yii/index.php(13): CApplication->run()
#5 {main}
REQUEST_URI=/sistema_yii/index.php?r=site/Persona
HTTP_REFERER=http://localhost/sistema_yii/index.php?r=site/Persona
---
2015/11/06 10:46:13 [error] [exception.CHttpException.404] exception 'CHttpException' with message 'El sistema no ha podido encontrar la acción "Persona" solicitada.' in /var/www/yii/framework/web/CController.php:483
Stack trace:
#0 /var/www/yii/framework/web/CController.php(270): CController->missingAction('Persona')
#1 /var/www/yii/framework/web/CWebApplication.php(282): CController->run('Persona')
#2 /var/www/yii/framework/web/CWebApplication.php(141): CWebApplication->runController('site/Persona')
#3 /var/www/yii/framework/base/CApplication.php(184): CWebApplication->processRequest()
#4 /var/www/sistema_yii/index.php(13): CApplication->run()
#5 {main}
REQUEST_URI=/sistema_yii/index.php?r=site/Persona
HTTP_REFERER=http://localhost/sistema_yii/index.php?r=site/Persona
---
2015/11/06 10:46:37 [error] [exception.CHttpException.404] exception 'CHttpException' with message 'El sistema no ha podido encontrar la acción "Persona" solicitada.' in /var/www/yii/framework/web/CController.php:483
Stack trace:
#0 /var/www/yii/framework/web/CController.php(270): CController->missingAction('Persona')
#1 /var/www/yii/framework/web/CWebApplication.php(282): CController->run('Persona')
#2 /var/www/yii/framework/web/CWebApplication.php(141): CWebApplication->runController('site/Persona')
#3 /var/www/yii/framework/base/CApplication.php(184): CWebApplication->processRequest()
#4 /var/www/sistema_yii/index.php(13): CApplication->run()
#5 {main}
REQUEST_URI=/sistema_yii/index.php?r=site/Persona
HTTP_REFERER=http://localhost/sistema_yii/index.php?r=site/Persona
---
2015/11/06 11:41:10 [error] [php] Use of undefined constant php - assumed 'php' (/var/www/sistema_yii/protected/views/persona/_form.php:54)
Stack trace:
#0 /var/www/yii/framework/web/CController.php(869): PersonaController->renderFile()
#1 /var/www/sistema_yii/protected/views/persona/create.php(18): PersonaController->renderPartial()
#2 /var/www/yii/framework/web/CBaseController.php(126): require()
#3 /var/www/yii/framework/web/CBaseController.php(95): PersonaController->renderInternal()
#4 /var/www/yii/framework/web/CController.php(869): PersonaController->renderFile()
#5 /var/www/yii/framework/web/CController.php(782): PersonaController->renderPartial()
#6 /var/www/sistema_yii/protected/controllers/PersonaController.php(79): PersonaController->render()
#7 /var/www/yii/framework/web/actions/CInlineAction.php(49): PersonaController->actionCreate()
#8 /var/www/yii/framework/web/CController.php(308): CInlineAction->runWithParams()
#9 /var/www/yii/framework/web/filters/CFilterChain.php(133): PersonaController->runAction()
#10 /var/www/yii/framework/web/filters/CFilter.php(40): CFilterChain->run()
#11 /var/www/yii/framework/web/CController.php(1145): CAccessControlFilter->filter()
#12 /var/www/yii/framework/web/filters/CInlineFilter.php(58): PersonaController->filterAccessControl()
#13 /var/www/yii/framework/web/filters/CFilterChain.php(130): CInlineFilter->filter()
#14 /var/www/yii/framework/web/CController.php(291): CFilterChain->run()
#15 /var/www/yii/framework/web/CController.php(265): PersonaController->runActionWithFilters()
#16 /var/www/yii/framework/web/CWebApplication.php(282): PersonaController->run()
#17 /var/www/yii/framework/web/CWebApplication.php(141): CWebApplication->runController()
#18 /var/www/yii/framework/base/CApplication.php(184): CWebApplication->processRequest()
#19 /var/www/sistema_yii/index.php(13): CWebApplication->run()
REQUEST_URI=/sistema_yii/index.php?r=persona/create
in /var/www/sistema_yii/protected/views/persona/_form.php (54)
in /var/www/sistema_yii/protected/views/persona/create.php (18)
in /var/www/sistema_yii/protected/controllers/PersonaController.php (79)
2015/11/06 11:41:11 [error] [php] Use of undefined constant php - assumed 'php' (/var/www/sistema_yii/protected/views/persona/_form.php:54)
Stack trace:
#0 /var/www/yii/framework/web/CController.php(869): PersonaController->renderFile()
#1 /var/www/sistema_yii/protected/views/persona/create.php(18): PersonaController->renderPartial()
#2 /var/www/yii/framework/web/CBaseController.php(126): require()
#3 /var/www/yii/framework/web/CBaseController.php(95): PersonaController->renderInternal()
#4 /var/www/yii/framework/web/CController.php(869): PersonaController->renderFile()
#5 /var/www/yii/framework/web/CController.php(782): PersonaController->renderPartial()
#6 /var/www/sistema_yii/protected/controllers/PersonaController.php(79): PersonaController->render()
#7 /var/www/yii/framework/web/actions/CInlineAction.php(49): PersonaController->actionCreate()
#8 /var/www/yii/framework/web/CController.php(308): CInlineAction->runWithParams()
#9 /var/www/yii/framework/web/filters/CFilterChain.php(133): PersonaController->runAction()
#10 /var/www/yii/framework/web/filters/CFilter.php(40): CFilterChain->run()
#11 /var/www/yii/framework/web/CController.php(1145): CAccessControlFilter->filter()
#12 /var/www/yii/framework/web/filters/CInlineFilter.php(58): PersonaController->filterAccessControl()
#13 /var/www/yii/framework/web/filters/CFilterChain.php(130): CInlineFilter->filter()
#14 /var/www/yii/framework/web/CController.php(291): CFilterChain->run()
#15 /var/www/yii/framework/web/CController.php(265): PersonaController->runActionWithFilters()
#16 /var/www/yii/framework/web/CWebApplication.php(282): PersonaController->run()
#17 /var/www/yii/framework/web/CWebApplication.php(141): CWebApplication->runController()
#18 /var/www/yii/framework/base/CApplication.php(184): CWebApplication->processRequest()
#19 /var/www/sistema_yii/index.php(13): CWebApplication->run()
REQUEST_URI=/sistema_yii/index.php?r=persona/create
in /var/www/sistema_yii/protected/views/persona/_form.php (54)
in /var/www/sistema_yii/protected/views/persona/create.php (18)
in /var/www/sistema_yii/protected/controllers/PersonaController.php (79)
2015/11/06 13:58:45 [error] [exception.CException] exception 'CException' with message 'La propiedad "LoginForm"."Usuario" no se encuentra definida.' in /var/www/yii/framework/base/CComponent.php:130
Stack trace:
#0 /var/www/yii/framework/web/helpers/CHtml.php(2728): CComponent->__get('Usuario')
#1 /var/www/yii/framework/web/helpers/CHtml.php(2451): CHtml::resolveValue(Object(LoginForm), 'Usuario')
#2 /var/www/yii/framework/web/helpers/CHtml.php(1533): CHtml::activeInputField('text', Object(LoginForm), 'Usuario', Array)
#3 /var/www/yii/framework/web/widgets/CActiveForm.php(792): CHtml::activeTextField(Object(LoginForm), 'Usuario', Array)
#4 /var/www/sistema_yii/protected/views/site/login.php(29): CActiveForm->textField(Object(LoginForm), 'Usuario')
#5 /var/www/yii/framework/web/CBaseController.php(126): require('/var/www/sistem...')
#6 /var/www/yii/framework/web/CBaseController.php(95): CBaseController->renderInternal('/var/www/sistem...', Array, true)
#7 /var/www/yii/framework/web/CController.php(869): CBaseController->renderFile('/var/www/sistem...', Array, true)
#8 /var/www/yii/framework/web/CController.php(782): CController->renderPartial('login', Array, true)
#9 /var/www/sistema_yii/protected/controllers/SiteController.php(98): CController->render('login', Array)
#10 /var/www/yii/framework/web/actions/CInlineAction.php(49): SiteController->actionLogin()
#11 /var/www/yii/framework/web/CController.php(308): CInlineAction->runWithParams(Array)
#12 /var/www/yii/framework/web/CController.php(286): CController->runAction(Object(CInlineAction))
#13 /var/www/yii/framework/web/CController.php(265): CController->runActionWithFilters(Object(CInlineAction), Array)
#14 /var/www/yii/framework/web/CWebApplication.php(282): CController->run('login')
#15 /var/www/yii/framework/web/CWebApplication.php(141): CWebApplication->runController('site/login')
#16 /var/www/yii/framework/base/CApplication.php(184): CWebApplication->processRequest()
#17 /var/www/sistema_yii/index.php(13): CApplication->run()
#18 {main}
REQUEST_URI=/sistema_yii/index.php?r=site/login
HTTP_REFERER=http://localhost/sistema_yii/index.php
---
2015/11/06 13:58:46 [error] [exception.CException] exception 'CException' with message 'La propiedad "LoginForm"."Usuario" no se encuentra definida.' in /var/www/yii/framework/base/CComponent.php:130
Stack trace:
#0 /var/www/yii/framework/web/helpers/CHtml.php(2728): CComponent->__get('Usuario')
#1 /var/www/yii/framework/web/helpers/CHtml.php(2451): CHtml::resolveValue(Object(LoginForm), 'Usuario')
#2 /var/www/yii/framework/web/helpers/CHtml.php(1533): CHtml::activeInputField('text', Object(LoginForm), 'Usuario', Array)
#3 /var/www/yii/framework/web/widgets/CActiveForm.php(792): CHtml::activeTextField(Object(LoginForm), 'Usuario', Array)
#4 /var/www/sistema_yii/protected/views/site/login.php(29): CActiveForm->textField(Object(LoginForm), 'Usuario')
#5 /var/www/yii/framework/web/CBaseController.php(126): require('/var/www/sistem...')
#6 /var/www/yii/framework/web/CBaseController.php(95): CBaseController->renderInternal('/var/www/sistem...', Array, true)
#7 /var/www/yii/framework/web/CController.php(869): CBaseController->renderFile('/var/www/sistem...', Array, true)
#8 /var/www/yii/framework/web/CController.php(782): CController->renderPartial('login', Array, true)
#9 /var/www/sistema_yii/protected/controllers/SiteController.php(98): CController->render('login', Array)
#10 /var/www/yii/framework/web/actions/CInlineAction.php(49): SiteController->actionLogin()
#11 /var/www/yii/framework/web/CController.php(308): CInlineAction->runWithParams(Array)
#12 /var/www/yii/framework/web/CController.php(286): CController->runAction(Object(CInlineAction))
#13 /var/www/yii/framework/web/CController.php(265): CController->runActionWithFilters(Object(CInlineAction), Array)
#14 /var/www/yii/framework/web/CWebApplication.php(282): CController->run('login')
#15 /var/www/yii/framework/web/CWebApplication.php(141): CWebApplication->runController('site/login')
#16 /var/www/yii/framework/base/CApplication.php(184): CWebApplication->processRequest()
#17 /var/www/sistema_yii/index.php(13): CApplication->run()
#18 {main}
REQUEST_URI=/sistema_yii/index.php?r=site/login
HTTP_REFERER=http://localhost/sistema_yii/index.php
---
2015/11/06 13:58:47 [error] [exception.CException] exception 'CException' with message 'La propiedad "LoginForm"."Usuario" no se encuentra definida.' in /var/www/yii/framework/base/CComponent.php:130
Stack trace:
#0 /var/www/yii/framework/web/helpers/CHtml.php(2728): CComponent->__get('Usuario')
#1 /var/www/yii/framework/web/helpers/CHtml.php(2451): CHtml::resolveValue(Object(LoginForm), 'Usuario')
#2 /var/www/yii/framework/web/helpers/CHtml.php(1533): CHtml::activeInputField('text', Object(LoginForm), 'Usuario', Array)
#3 /var/www/yii/framework/web/widgets/CActiveForm.php(792): CHtml::activeTextField(Object(LoginForm), 'Usuario', Array)
#4 /var/www/sistema_yii/protected/views/site/login.php(29): CActiveForm->textField(Object(LoginForm), 'Usuario')
#5 /var/www/yii/framework/web/CBaseController.php(126): require('/var/www/sistem...')
#6 /var/www/yii/framework/web/CBaseController.php(95): CBaseController->renderInternal('/var/www/sistem...', Array, true)
#7 /var/www/yii/framework/web/CController.php(869): CBaseController->renderFile('/var/www/sistem...', Array, true)
#8 /var/www/yii/framework/web/CController.php(782): CController->renderPartial('login', Array, true)
#9 /var/www/sistema_yii/protected/controllers/SiteController.php(98): CController->render('login', Array)
#10 /var/www/yii/framework/web/actions/CInlineAction.php(49): SiteController->actionLogin()
#11 /var/www/yii/framework/web/CController.php(308): CInlineAction->runWithParams(Array)
#12 /var/www/yii/framework/web/CController.php(286): CController->runAction(Object(CInlineAction))
#13 /var/www/yii/framework/web/CController.php(265): CController->runActionWithFilters(Object(CInlineAction), Array)
#14 /var/www/yii/framework/web/CWebApplication.php(282): CController->run('login')
#15 /var/www/yii/framework/web/CWebApplication.php(141): CWebApplication->runController('site/login')
#16 /var/www/yii/framework/base/CApplication.php(184): CWebApplication->processRequest()
#17 /var/www/sistema_yii/index.php(13): CApplication->run()
#18 {main}
REQUEST_URI=/sistema_yii/index.php?r=site/login
HTTP_REFERER=http://localhost/sistema_yii/index.php
---
2015/11/06 13:58:47 [error] [exception.CException] exception 'CException' with message 'La propiedad "LoginForm"."Usuario" no se encuentra definida.' in /var/www/yii/framework/base/CComponent.php:130
Stack trace:
#0 /var/www/yii/framework/web/helpers/CHtml.php(2728): CComponent->__get('Usuario')
#1 /var/www/yii/framework/web/helpers/CHtml.php(2451): CHtml::resolveValue(Object(LoginForm), 'Usuario')
#2 /var/www/yii/framework/web/helpers/CHtml.php(1533): CHtml::activeInputField('text', Object(LoginForm), 'Usuario', Array)
#3 /var/www/yii/framework/web/widgets/CActiveForm.php(792): CHtml::activeTextField(Object(LoginForm), 'Usuario', Array)
#4 /var/www/sistema_yii/protected/views/site/login.php(29): CActiveForm->textField(Object(LoginForm), 'Usuario')
#5 /var/www/yii/framework/web/CBaseController.php(126): require('/var/www/sistem...')
#6 /var/www/yii/framework/web/CBaseController.php(95): CBaseController->renderInternal('/var/www/sistem...', Array, true)
#7 /var/www/yii/framework/web/CController.php(869): CBaseController->renderFile('/var/www/sistem...', Array, true)
#8 /var/www/yii/framework/web/CController.php(782): CController->renderPartial('login', Array, true)
#9 /var/www/sistema_yii/protected/controllers/SiteController.php(98): CController->render('login', Array)
#10 /var/www/yii/framework/web/actions/CInlineAction.php(49): SiteController->actionLogin()
#11 /var/www/yii/framework/web/CController.php(308): CInlineAction->runWithParams(Array)
#12 /var/www/yii/framework/web/CController.php(286): CController->runAction(Object(CInlineAction))
#13 /var/www/yii/framework/web/CController.php(265): CController->runActionWithFilters(Object(CInlineAction), Array)
#14 /var/www/yii/framework/web/CWebApplication.php(282): CController->run('login')
#15 /var/www/yii/framework/web/CWebApplication.php(141): CWebApplication->runController('site/login')
#16 /var/www/yii/framework/base/CApplication.php(184): CWebApplication->processRequest()
#17 /var/www/sistema_yii/index.php(13): CApplication->run()
#18 {main}
REQUEST_URI=/sistema_yii/index.php?r=site/login
HTTP_REFERER=http://localhost/sistema_yii/index.php
---
